c:\users\asus\desktop\si-fmi-2019\oop\oop_practicum_homework1\oop_practicum_homework1\mainfolder\x64\debug\vc142.pdb
c:\users\asus\desktop\si-fmi-2019\oop\oop_practicum_homework1\oop_practicum_homework1\mainfolder\x64\debug\vc142.idb
c:\users\asus\desktop\si-fmi-2019\oop\oop_practicum_homework1\oop_practicum_homework1\mainfolder\x64\debug\user.obj
c:\users\asus\desktop\si-fmi-2019\oop\oop_practicum_homework1\oop_practicum_homework1\mainfolder\x64\debug\source.obj
c:\users\asus\desktop\si-fmi-2019\oop\oop_practicum_homework1\oop_practicum_homework1\mainfolder\x64\debug\shoppingcart.obj
c:\users\asus\desktop\si-fmi-2019\oop\oop_practicum_homework1\oop_practicum_homework1\mainfolder\x64\debug\shop.obj
c:\users\asus\desktop\si-fmi-2019\oop\oop_practicum_homework1\oop_practicum_homework1\mainfolder\x64\debug\product.obj
c:\users\asus\desktop\si-fmi-2019\oop\oop_practicum_homework1\oop_practicum_homework1\mainfolder\x64\debug\printer.obj
c:\users\asus\desktop\si-fmi-2019\oop\oop_practicum_homework1\oop_practicum_homework1\mainfolder\x64\debug\phone.obj
c:\users\asus\desktop\si-fmi-2019\oop\oop_practicum_homework1\oop_practicum_homework1\mainfolder\x64\debug\order.obj
c:\users\asus\desktop\si-fmi-2019\oop\oop_practicum_homework1\oop_practicum_homework1\mainfolder\x64\debug\laptop.obj
c:\users\asus\desktop\si-fmi-2019\oop\oop_practicum_homework1\oop_practicum_homework1\mainfolder\x64\debug\database.obj
c:\users\asus\desktop\si-fmi-2019\oop\oop_practicum_homework1\oop_practicum_homework1\mainfolder\x64\debug\security.obj
c:\users\asus\desktop\si-fmi-2019\oop\oop_practicum_homework1\oop_practicum_homework1\x64\debug\mainfolder.exe
c:\users\asus\desktop\si-fmi-2019\oop\oop_practicum_homework1\oop_practicum_homework1\x64\debug\mainfolder.ilk
c:\users\asus\desktop\si-fmi-2019\oop\oop_practicum_homework1\oop_practicum_homework1\x64\debug\mainfolder.pdb
c:\users\asus\desktop\si-fmi-2019\oop\oop_practicum_homework1\oop_practicum_homework1\mainfolder\x64\debug\mainfolder.tlog\cl.command.1.tlog
c:\users\asus\desktop\si-fmi-2019\oop\oop_practicum_homework1\oop_practicum_homework1\mainfolder\x64\debug\mainfolder.tlog\cl.read.1.tlog
c:\users\asus\desktop\si-fmi-2019\oop\oop_practicum_homework1\oop_practicum_homework1\mainfolder\x64\debug\mainfolder.tlog\cl.write.1.tlog
c:\users\asus\desktop\si-fmi-2019\oop\oop_practicum_homework1\oop_practicum_homework1\mainfolder\x64\debug\mainfolder.tlog\link.command.1.tlog
c:\users\asus\desktop\si-fmi-2019\oop\oop_practicum_homework1\oop_practicum_homework1\mainfolder\x64\debug\mainfolder.tlog\link.read.1.tlog
c:\users\asus\desktop\si-fmi-2019\oop\oop_practicum_homework1\oop_practicum_homework1\mainfolder\x64\debug\mainfolder.tlog\link.write.1.tlog
