  Laptop.cpp
  List.cpp
  Order.cpp
  Phone.cpp
  Printer.cpp
  Product.cpp
  ShoppingCart.cpp
c:\users\intel\desktop\si-fmi-2019\oop\oop_practicum_homework1\oop_practicum_homework1\mainfolder\shoppingcart.cpp(3): warning C4067: unexpected tokens following preprocessor directive - expected a newline
  SmartWatch.cpp
  Source.cpp
c:\users\intel\desktop\si-fmi-2019\oop\oop_practicum_homework1\oop_practicum_homework1\mainfolder\source.cpp(164): error C2676: binary '[': 'List<ShoppingCart>' does not define this operator or a conversion to a type acceptable to the predefined operator
c:\users\intel\desktop\si-fmi-2019\oop\oop_practicum_homework1\oop_practicum_homework1\mainfolder\source.cpp(167): error C2676: binary '[': 'List<ShoppingCart>' does not define this operator or a conversion to a type acceptable to the predefined operator
c:\users\intel\desktop\si-fmi-2019\oop\oop_practicum_homework1\oop_practicum_homework1\mainfolder\source.cpp(167): error C2088: '[': illegal for class
c:\users\intel\desktop\si-fmi-2019\oop\oop_practicum_homework1\oop_practicum_homework1\mainfolder\source.cpp(179): error C2676: binary '[': 'List<Laptop>' does not define this operator or a conversion to a type acceptable to the predefined operator
c:\users\intel\desktop\si-fmi-2019\oop\oop_practicum_homework1\oop_practicum_homework1\mainfolder\source.cpp(187): error C2676: binary '[': 'List<Laptop>' does not define this operator or a conversion to a type acceptable to the predefined operator
c:\users\intel\desktop\si-fmi-2019\oop\oop_practicum_homework1\oop_practicum_homework1\mainfolder\source.cpp(187): error C2088: '[': illegal for class
c:\users\intel\desktop\si-fmi-2019\oop\oop_practicum_homework1\oop_practicum_homework1\mainfolder\source.cpp(187): error C2440: '<function-style-cast>': cannot convert from 'initializer list' to 'ShoppingCart'
  c:\users\intel\desktop\si-fmi-2019\oop\oop_practicum_homework1\oop_practicum_homework1\mainfolder\source.cpp(187): note: No constructor could take the source type, or constructor overload resolution was ambiguous
c:\users\intel\desktop\si-fmi-2019\oop\oop_practicum_homework1\oop_practicum_homework1\mainfolder\source.cpp(188): error C2676: binary '[': 'List<ShoppingCart>' does not define this operator or a conversion to a type acceptable to the predefined operator
c:\users\intel\desktop\si-fmi-2019\oop\oop_practicum_homework1\oop_practicum_homework1\mainfolder\source.cpp(202): error C2676: binary '[': 'List<ShoppingCart>' does not define this operator or a conversion to a type acceptable to the predefined operator
c:\users\intel\desktop\si-fmi-2019\oop\oop_practicum_homework1\oop_practicum_homework1\mainfolder\source.cpp(205): error C2676: binary '[': 'List<ShoppingCart>' does not define this operator or a conversion to a type acceptable to the predefined operator
c:\users\intel\desktop\si-fmi-2019\oop\oop_practicum_homework1\oop_practicum_homework1\mainfolder\source.cpp(205): error C2088: '[': illegal for class
c:\users\intel\desktop\si-fmi-2019\oop\oop_practicum_homework1\oop_practicum_homework1\mainfolder\source.cpp(217): error C2676: binary '[': 'List<Phone>' does not define this operator or a conversion to a type acceptable to the predefined operator
c:\users\intel\desktop\si-fmi-2019\oop\oop_practicum_homework1\oop_practicum_homework1\mainfolder\source.cpp(225): error C2676: binary '[': 'List<Phone>' does not define this operator or a conversion to a type acceptable to the predefined operator
c:\users\intel\desktop\si-fmi-2019\oop\oop_practicum_homework1\oop_practicum_homework1\mainfolder\source.cpp(225): error C2088: '[': illegal for class
c:\users\intel\desktop\si-fmi-2019\oop\oop_practicum_homework1\oop_practicum_homework1\mainfolder\source.cpp(225): error C2440: '<function-style-cast>': cannot convert from 'initializer list' to 'ShoppingCart'
  c:\users\intel\desktop\si-fmi-2019\oop\oop_practicum_homework1\oop_practicum_homework1\mainfolder\source.cpp(225): note: No constructor could take the source type, or constructor overload resolution was ambiguous
c:\users\intel\desktop\si-fmi-2019\oop\oop_practicum_homework1\oop_practicum_homework1\mainfolder\source.cpp(226): error C2676: binary '[': 'List<ShoppingCart>' does not define this operator or a conversion to a type acceptable to the predefined operator
c:\users\intel\desktop\si-fmi-2019\oop\oop_practicum_homework1\oop_practicum_homework1\mainfolder\source.cpp(241): error C2676: binary '[': 'List<ShoppingCart>' does not define this operator or a conversion to a type acceptable to the predefined operator
c:\users\intel\desktop\si-fmi-2019\oop\oop_practicum_homework1\oop_practicum_homework1\mainfolder\source.cpp(244): error C2676: binary '[': 'List<ShoppingCart>' does not define this operator or a conversion to a type acceptable to the predefined operator
c:\users\intel\desktop\si-fmi-2019\oop\oop_practicum_homework1\oop_practicum_homework1\mainfolder\source.cpp(244): error C2088: '[': illegal for class
c:\users\intel\desktop\si-fmi-2019\oop\oop_practicum_homework1\oop_practicum_homework1\mainfolder\source.cpp(256): error C2676: binary '[': 'List<Printer>' does not define this operator or a conversion to a type acceptable to the predefined operator
c:\users\intel\desktop\si-fmi-2019\oop\oop_practicum_homework1\oop_practicum_homework1\mainfolder\source.cpp(264): error C2676: binary '[': 'List<Printer>' does not define this operator or a conversion to a type acceptable to the predefined operator
c:\users\intel\desktop\si-fmi-2019\oop\oop_practicum_homework1\oop_practicum_homework1\mainfolder\source.cpp(264): error C2088: '[': illegal for class
c:\users\intel\desktop\si-fmi-2019\oop\oop_practicum_homework1\oop_practicum_homework1\mainfolder\source.cpp(264): error C2440: '<function-style-cast>': cannot convert from 'initializer list' to 'ShoppingCart'
  c:\users\intel\desktop\si-fmi-2019\oop\oop_practicum_homework1\oop_practicum_homework1\mainfolder\source.cpp(264): note: No constructor could take the source type, or constructor overload resolution was ambiguous
c:\users\intel\desktop\si-fmi-2019\oop\oop_practicum_homework1\oop_practicum_homework1\mainfolder\source.cpp(265): error C2676: binary '[': 'List<ShoppingCart>' does not define this operator or a conversion to a type acceptable to the predefined operator
c:\users\intel\desktop\si-fmi-2019\oop\oop_practicum_homework1\oop_practicum_homework1\mainfolder\source.cpp(279): error C2676: binary '[': 'List<ShoppingCart>' does not define this operator or a conversion to a type acceptable to the predefined operator
c:\users\intel\desktop\si-fmi-2019\oop\oop_practicum_homework1\oop_practicum_homework1\mainfolder\source.cpp(282): error C2676: binary '[': 'List<ShoppingCart>' does not define this operator or a conversion to a type acceptable to the predefined operator
c:\users\intel\desktop\si-fmi-2019\oop\oop_practicum_homework1\oop_practicum_homework1\mainfolder\source.cpp(282): error C2088: '[': illegal for class
c:\users\intel\desktop\si-fmi-2019\oop\oop_practicum_homework1\oop_practicum_homework1\mainfolder\source.cpp(294): error C2676: binary '[': 'List<SmartWatch>' does not define this operator or a conversion to a type acceptable to the predefined operator
c:\users\intel\desktop\si-fmi-2019\oop\oop_practicum_homework1\oop_practicum_homework1\mainfolder\source.cpp(302): error C2676: binary '[': 'List<SmartWatch>' does not define this operator or a conversion to a type acceptable to the predefined operator
c:\users\intel\desktop\si-fmi-2019\oop\oop_practicum_homework1\oop_practicum_homework1\mainfolder\source.cpp(302): error C2088: '[': illegal for class
c:\users\intel\desktop\si-fmi-2019\oop\oop_practicum_homework1\oop_practicum_homework1\mainfolder\source.cpp(302): error C2440: '<function-style-cast>': cannot convert from 'initializer list' to 'ShoppingCart'
  c:\users\intel\desktop\si-fmi-2019\oop\oop_practicum_homework1\oop_practicum_homework1\mainfolder\source.cpp(302): note: No constructor could take the source type, or constructor overload resolution was ambiguous
c:\users\intel\desktop\si-fmi-2019\oop\oop_practicum_homework1\oop_practicum_homework1\mainfolder\source.cpp(303): error C2676: binary '[': 'List<ShoppingCart>' does not define this operator or a conversion to a type acceptable to the predefined operator
c:\users\intel\desktop\si-fmi-2019\oop\oop_practicum_homework1\oop_practicum_homework1\mainfolder\source.cpp(367): error C2676: binary '[': 'List<ShoppingCart>' does not define this operator or a conversion to a type acceptable to the predefined operator
c:\users\intel\desktop\si-fmi-2019\oop\oop_practicum_homework1\oop_practicum_homework1\mainfolder\source.cpp(400): error C2676: binary '[': 'List<ShoppingCart>' does not define this operator or a conversion to a type acceptable to the predefined operator
c:\users\intel\desktop\si-fmi-2019\oop\oop_practicum_homework1\oop_practicum_homework1\mainfolder\source.cpp(400): error C2088: '[': illegal for class
c:\users\intel\desktop\si-fmi-2019\oop\oop_practicum_homework1\oop_practicum_homework1\mainfolder\source.cpp(401): error C2676: binary '[': 'List<ShoppingCart>' does not define this operator or a conversion to a type acceptable to the predefined operator
c:\users\intel\desktop\si-fmi-2019\oop\oop_practicum_homework1\oop_practicum_homework1\mainfolder\source.cpp(422): error C2676: binary '[': 'List<Phone>' does not define this operator or a conversion to a type acceptable to the predefined operator
c:\users\intel\desktop\si-fmi-2019\oop\oop_practicum_homework1\oop_practicum_homework1\mainfolder\source.cpp(422): error C2088: '[': illegal for class
c:\users\intel\desktop\si-fmi-2019\oop\oop_practicum_homework1\oop_practicum_homework1\mainfolder\source.cpp(424): error C2676: binary '[': 'List<Phone>' does not define this operator or a conversion to a type acceptable to the predefined operator
c:\users\intel\desktop\si-fmi-2019\oop\oop_practicum_homework1\oop_practicum_homework1\mainfolder\source.cpp(425): error C2676: binary '[': 'List<Phone>' does not define this operator or a conversion to a type acceptable to the predefined operator
c:\users\intel\desktop\si-fmi-2019\oop\oop_practicum_homework1\oop_practicum_homework1\mainfolder\source.cpp(425): error C2088: '[': illegal for class
c:\users\intel\desktop\si-fmi-2019\oop\oop_practicum_homework1\oop_practicum_homework1\mainfolder\source.cpp(426): error C2676: binary '[': 'List<Phone>' does not define this operator or a conversion to a type acceptable to the predefined operator
c:\users\intel\desktop\si-fmi-2019\oop\oop_practicum_homework1\oop_practicum_homework1\mainfolder\source.cpp(435): error C2676: binary '[': 'List<Phone>' does not define this operator or a conversion to a type acceptable to the predefined operator
c:\users\intel\desktop\si-fmi-2019\oop\oop_practicum_homework1\oop_practicum_homework1\mainfolder\source.cpp(446): error C2676: binary '[': 'List<Printer>' does not define this operator or a conversion to a type acceptable to the predefined operator
c:\users\intel\desktop\si-fmi-2019\oop\oop_practicum_homework1\oop_practicum_homework1\mainfolder\source.cpp(446): error C2088: '[': illegal for class
c:\users\intel\desktop\si-fmi-2019\oop\oop_practicum_homework1\oop_practicum_homework1\mainfolder\source.cpp(448): error C2676: binary '[': 'List<Printer>' does not define this operator or a conversion to a type acceptable to the predefined operator
c:\users\intel\desktop\si-fmi-2019\oop\oop_practicum_homework1\oop_practicum_homework1\mainfolder\source.cpp(449): error C2676: binary '[': 'List<Printer>' does not define this operator or a conversion to a type acceptable to the predefined operator
c:\users\intel\desktop\si-fmi-2019\oop\oop_practicum_homework1\oop_practicum_homework1\mainfolder\source.cpp(449): error C2088: '[': illegal for class
c:\users\intel\desktop\si-fmi-2019\oop\oop_practicum_homework1\oop_practicum_homework1\mainfolder\source.cpp(450): error C2676: binary '[': 'List<Printer>' does not define this operator or a conversion to a type acceptable to the predefined operator
c:\users\intel\desktop\si-fmi-2019\oop\oop_practicum_homework1\oop_practicum_homework1\mainfolder\source.cpp(459): error C2676: binary '[': 'List<Printer>' does not define this operator or a conversion to a type acceptable to the predefined operator
c:\users\intel\desktop\si-fmi-2019\oop\oop_practicum_homework1\oop_practicum_homework1\mainfolder\source.cpp(469): error C2676: binary '[': 'List<SmartWatch>' does not define this operator or a conversion to a type acceptable to the predefined operator
c:\users\intel\desktop\si-fmi-2019\oop\oop_practicum_homework1\oop_practicum_homework1\mainfolder\source.cpp(469): error C2088: '[': illegal for class
c:\users\intel\desktop\si-fmi-2019\oop\oop_practicum_homework1\oop_practicum_homework1\mainfolder\source.cpp(471): error C2676: binary '[': 'List<SmartWatch>' does not define this operator or a conversion to a type acceptable to the predefined operator
c:\users\intel\desktop\si-fmi-2019\oop\oop_practicum_homework1\oop_practicum_homework1\mainfolder\source.cpp(472): error C2676: binary '[': 'List<SmartWatch>' does not define this operator or a conversion to a type acceptable to the predefined operator
c:\users\intel\desktop\si-fmi-2019\oop\oop_practicum_homework1\oop_practicum_homework1\mainfolder\source.cpp(472): error C2088: '[': illegal for class
c:\users\intel\desktop\si-fmi-2019\oop\oop_practicum_homework1\oop_practicum_homework1\mainfolder\source.cpp(473): error C2676: binary '[': 'List<SmartWatch>' does not define this operator or a conversion to a type acceptable to the predefined operator
c:\users\intel\desktop\si-fmi-2019\oop\oop_practicum_homework1\oop_practicum_homework1\mainfolder\source.cpp(482): error C2676: binary '[': 'List<SmartWatch>' does not define this operator or a conversion to a type acceptable to the predefined operator
c:\users\intel\desktop\si-fmi-2019\oop\oop_practicum_homework1\oop_practicum_homework1\mainfolder\source.cpp(492): error C2676: binary '[': 'List<Laptop>' does not define this operator or a conversion to a type acceptable to the predefined operator
c:\users\intel\desktop\si-fmi-2019\oop\oop_practicum_homework1\oop_practicum_homework1\mainfolder\source.cpp(492): error C2088: '[': illegal for class
c:\users\intel\desktop\si-fmi-2019\oop\oop_practicum_homework1\oop_practicum_homework1\mainfolder\source.cpp(494): error C2676: binary '[': 'List<Laptop>' does not define this operator or a conversion to a type acceptable to the predefined operator
c:\users\intel\desktop\si-fmi-2019\oop\oop_practicum_homework1\oop_practicum_homework1\mainfolder\source.cpp(495): error C2676: binary '[': 'List<Laptop>' does not define this operator or a conversion to a type acceptable to the predefined operator
c:\users\intel\desktop\si-fmi-2019\oop\oop_practicum_homework1\oop_practicum_homework1\mainfolder\source.cpp(495): error C2088: '[': illegal for class
c:\users\intel\desktop\si-fmi-2019\oop\oop_practicum_homework1\oop_practicum_homework1\mainfolder\source.cpp(496): error C2676: binary '[': 'List<Laptop>' does not define this operator or a conversion to a type acceptable to the predefined operator
c:\users\intel\desktop\si-fmi-2019\oop\oop_practicum_homework1\oop_practicum_homework1\mainfolder\source.cpp(506): error C2676: binary '[': 'List<Laptop>' does not define this operator or a conversion to a type acceptable to the predefined operator
  User.cpp
  Generating Code...
