  Source.cpp
C:\Users\Asus\Desktop\SI-FMI-2019\OOP\Homework2_OOP\Ex3 JSON\JsonObject.h(30,1): warning C4812: obsolete declaration style: please use 'JsonObject<V>::JsonObject' instead
C:\Users\Asus\Desktop\SI-FMI-2019\OOP\Homework2_OOP\Ex3 JSON\JsonObject.h(39,1): warning C4812: obsolete declaration style: please use 'JsonObject<V>::JsonObject' instead
C:\Users\Asus\Desktop\SI-FMI-2019\OOP\Homework2_OOP\Ex3 JSON\JsonObject.h(50,1): warning C4812: obsolete declaration style: please use 'JsonObject<V>::JsonObject' instead
C:\Users\Asus\Desktop\SI-FMI-2019\OOP\Homework2_OOP\Ex3 JSON\JsonObject.h(39,1): warning C4812: obsolete declaration style: please use 'JsonObject<char>::JsonObject' instead
C:\Users\Asus\Desktop\SI-FMI-2019\OOP\Homework2_OOP\Ex3 JSON\JsonObject.h(40): message : while compiling class template member function 'JsonObject<char>::JsonObject(const char *,V)'
          with
          [
              V=char
          ]
C:\Users\Asus\Desktop\SI-FMI-2019\OOP\Homework2_OOP\Ex3 JSON\Source.cpp(9): message : see reference to function template instantiation 'JsonObject<char>::JsonObject(const char *,V)' being compiled
          with
          [
              V=char
          ]
C:\Users\Asus\Desktop\SI-FMI-2019\OOP\Homework2_OOP\Ex3 JSON\Source.cpp(9): message : see reference to class template instantiation 'JsonObject<char>' being compiled
C:\Users\Asus\Desktop\SI-FMI-2019\OOP\Homework2_OOP\Ex3 JSON\JsonObject.h(30,1): warning C4812: obsolete declaration style: please use 'JsonObject<char>::JsonObject' instead
C:\Users\Asus\Desktop\SI-FMI-2019\OOP\Homework2_OOP\Ex3 JSON\JsonObject.h(31): message : while compiling class template member function 'JsonObject<char>::JsonObject(void)'
C:\Users\Asus\Desktop\SI-FMI-2019\OOP\Homework2_OOP\Ex3 JSON\JsonArray.h(47): message : see reference to function template instantiation 'JsonObject<char>::JsonObject(void)' being compiled
C:\Users\Asus\Desktop\SI-FMI-2019\OOP\Homework2_OOP\Ex3 JSON\JsonObject.h(40): message : while compiling class template member function 'JsonObject<char>::JsonObject(const char *,V)'
          with
          [
              V=char
          ]
C:\Users\Asus\Desktop\SI-FMI-2019\OOP\Homework2_OOP\Ex3 JSON\Source.cpp(9): message : see reference to function template instantiation 'JsonObject<char>::JsonObject(const char *,V)' being compiled
          with
          [
              V=char
          ]
C:\Users\Asus\Desktop\SI-FMI-2019\OOP\Homework2_OOP\Ex3 JSON\JsonArray.h(246): warning C4715: 'JsonArray<char>::getValueByKey': not all control paths return a value
  Ex3 JSON.vcxproj -> C:\Users\Asus\Desktop\SI-FMI-2019\OOP\Homework2_OOP\Debug\Ex3 JSON.exe
